<?xml version="1.0" encoding="UTF-8"?>
<!-- Generated by org.testng.reporters.JUnitReportReporter -->
<testsuite hostname="DESKTOP-E3J37PN" failures="0" tests="7" name="TestCases.LoginPageTest" time="11.053" errors="0" timestamp="2023-01-09T15:11:07 IST" skipped="6">
  <testcase classname="TestCases.LoginPageTest" name="ProductLabelTest" time="11.053"/>
  <testcase classname="TestCases.LoginPageTest" name="LogintoAppTest">
    <skipped/>
  </testcase> <!-- LogintoAppTest -->
  <testcase classname="TestCases.LoginPageTest" name="ProductInventryTest">
    <skipped/>
  </testcase> <!-- ProductInventryTest -->
  <testcase classname="TestCases.LoginPageTest" name="LoginLogoVerifyTest">
    <skipped/>
  </testcase> <!-- LoginLogoVerifyTest -->
  <testcase classname="TestCases.LoginPageTest" name="BotlogoTest">
    <skipped/>
  </testcase> <!-- BotlogoTest -->
  <testcase classname="TestCases.LoginPageTest" name="UrlVerifytest">
    <skipped/>
  </testcase> <!-- UrlVerifytest -->
  <testcase classname="TestCases.LoginPageTest" name="verifyTitleTest">
    <skipped/>
  </testcase> <!-- verifyTitleTest -->
</testsuite> <!-- TestCases.LoginPageTest -->
