<?xml version="1.0" encoding="UTF-8"?>
<!-- Generated by org.testng.reporters.JUnitReportReporter -->
<testsuite hostname="DESKTOP-E3J37PN" failures="0" tests="3" name="TestCases.CartPageTest" time="66.988" errors="0" timestamp="2023-01-09T12:28:40 IST" skipped="0">
  <testcase classname="TestCases.CartPageTest" name="FooterRobotTest" time="25.323"/>
  <testcase classname="TestCases.CartPageTest" name="YouCartLabelTest" time="22.139"/>
  <testcase classname="TestCases.CartPageTest" name="Swaglogo1verifyTest" time="19.526"/>
</testsuite> <!-- TestCases.CartPageTest -->
