<?xml version="1.0" encoding="UTF-8"?>
<!-- Generated by org.testng.reporters.JUnitReportReporter -->
<testsuite hostname="DESKTOP-E3J37PN" failures="0" tests="7" name="TestCases.GroupTest" time="21.062" errors="0" timestamp="2023-01-09T12:26:56 IST" skipped="5">
  <testcase classname="TestCases.GroupTest" name="LogintoAppTest" time="11.732"/>
  <testcase classname="TestCases.GroupTest" name="ProductLabelTest" time="9.330"/>
  <testcase classname="TestCases.GroupTest" name="ProductInventryTest">
    <skipped/>
  </testcase> <!-- ProductInventryTest -->
  <testcase classname="TestCases.GroupTest" name="verifyTitleTest">
    <skipped/>
  </testcase> <!-- verifyTitleTest -->
  <testcase classname="TestCases.GroupTest" name="UrlVerifytest">
    <skipped/>
  </testcase> <!-- UrlVerifytest -->
  <testcase classname="TestCases.GroupTest" name="BotlogoTest">
    <skipped/>
  </testcase> <!-- BotlogoTest -->
  <testcase classname="TestCases.GroupTest" name="LoginLogoVerifyTest">
    <skipped/>
  </testcase> <!-- LoginLogoVerifyTest -->
</testsuite> <!-- TestCases.GroupTest -->
